<?xml version="1.0" encoding="UTF-8"?>
<!-- Generated by org.testng.reporters.JUnitReportReporter -->
<testsuite hostname="Pankaj" failures="0" tests="1" name="com.actitime.testscripts.CustomerModule" time="0.010" errors="0" timestamp="2023-02-10T12:15:01 IST" skipped="0">
  <testcase classname="com.actitime.testscripts.CustomerModule" name="createCustomer" time="0.010"/>
  <system-out>
    <![CDATA[createCustomer]]>
  </system-out>
</testsuite> <!-- com.actitime.testscripts.CustomerModule -->
